#
# There is insufficient memory for the Java Runtime Environment to continue.
# Native memory allocation (malloc) failed to allocate 1048576 bytes for AllocateHeap
# Possible reasons:
#   The system is out of physical RAM or swap space
#   In 32 bit mode, the process size limit was hit
# Possible solutions:
#   Reduce memory load on the system
#   Increase physical memory or swap space
#   Check if swap backing store is full
#   Use 64 bit Java on a 64 bit OS
#   Decrease Java heap size (-Xmx/-Xms)
#   Decrease number of Java threads
#   Decrease Java thread stack sizes (-Xss)
#   Set larger code cache with -XX:ReservedCodeCacheSize=
# This output file may be truncated or incomplete.
#
#  Out of Memory Error (memory/allocation.inline.hpp:61), pid=45348, tid=0x000000000000a7d4
#
# JRE version:  (8.0_141-b15) (build )
# Java VM: Java HotSpot(TM) 64-Bit Server VM (25.141-b15 mixed mode windows-amd64 compressed oops)
# Failed to write core dump. Minidumps are not enabled by default on client versions of Windows
#

---------------  T H R E A D  ---------------

Current thread (0x0000000002814000):  JavaThread "Unknown thread" [_thread_in_vm, id=42964, stack(0x0000000002210000,0x0000000002310000)]

Stack: [0x0000000002210000,0x0000000002310000]
[error occurred during error reporting (printing stack bounds), id 0xc0000005]

Native frames: (J=compiled Java code, j=interpreted, Vv=VM code, C=native code)


---------------  P R O C E S S  ---------------

Java Threads: ( => current thread )

Other Threads:

=>0x0000000002814000 (exited) JavaThread "Unknown thread" [_thread_in_vm, id=42964, stack(0x0000000002210000,0x0000000002310000)]

VM state:not at safepoint (normal execution)

VM Mutex/Monitor currently owned by a thread: None

Heap:
 PSYoungGen      total 76288K, used 1310K [0x000000076b500000, 0x0000000770a00000, 0x00000007c0000000)
  eden space 65536K, 2% used [0x000000076b500000,0x000000076b647af0,0x000000076f500000)
  from space 10752K, 0% used [0x000000076ff80000,0x000000076ff80000,0x0000000770a00000)
  to   space 10752K, 0% used [0x000000076f500000,0x000000076f500000,0x000000076ff80000)
 ParOldGen       total 175104K, used 0K [0x00000006c1e00000, 0x00000006cc900000, 0x000000076b500000)
  object space 175104K, 0% used [0x00000006c1e00000,0x00000006c1e00000,0x00000006cc900000)
 Metaspace       used 770K, capacity 4480K, committed 4480K, reserved 1056768K
  class space    used 75K, capacity 384K, committed 384K, reserved 1048576K

Card table byte_map: [0x0000000011cd0000,0x00000000124d0000] byte_map_base: 0x000000000e6c1000

Marking Bits: (ParMarkBitMap*) 0x000000005a5cd850
 Begin Bits: [0x0000000013220000, 0x00000000171a8000)
 End Bits:   [0x00000000171a8000, 0x000000001b130000)

Polling page: 0x0000000000560000

CodeCache: size=245760Kb used=328Kb max_used=328Kb free=245431Kb
 bounds [0x0000000002910000, 0x0000000002b80000, 0x0000000011910000]
 total_blobs=58 nmethods=0 adapters=38
 compilation: enabled

Compilation events (0 events):
No events

GC Heap History (0 events):
No events

Deoptimization events (0 events):
No events

Internal exceptions (0 events):
No events

Events (10 events):
Event: 0.027 loading class java/lang/Short
Event: 0.027 loading class java/lang/Short done
Event: 0.027 loading class java/lang/Integer
Event: 0.027 loading class java/lang/Integer done
Event: 0.027 loading class java/lang/Long
Event: 0.027 loading class java/lang/Long done
Event: 0.028 loading class java/lang/NullPointerException
Event: 0.028 loading class java/lang/NullPointerException done
Event: 0.028 loading class java/lang/ArithmeticException
Event: 0.028 loading class java/lang/ArithmeticException done


Dynamic libraries:
0x00007ff73c940000 - 0x00007ff73c977000 	D:\Program Files\Java\jdk1.8.0_141\bin\java.exe
0x00007ffc00940000 - 0x00007ffc00b30000 	C:\Windows\SYSTEM32\ntdll.dll
0x00007ffbff870000 - 0x00007ffbff922000 	C:\Windows\System32\KERNEL32.DLL
0x00007ffbfdc10000 - 0x00007ffbfdeb5000 	C:\Windows\System32\KERNELBASE.dll
0x00007ffbffae0000 - 0x00007ffbffb83000 	C:\Windows\System32\ADVAPI32.dll
0x00007ffbfeac0000 - 0x00007ffbfeb5e000 	C:\Windows\System32\msvcrt.dll
0x00007ffbffc60000 - 0x00007ffbffcf7000 	C:\Windows\System32\sechost.dll
0x00007ffbff490000 - 0x00007ffbff5af000 	C:\Windows\System32\RPCRT4.dll
0x00007ffbff940000 - 0x00007ffbffad4000 	C:\Windows\System32\USER32.dll
0x00007ffbfdb60000 - 0x00007ffbfdb81000 	C:\Windows\System32\win32u.dll
0x00007ffbfef10000 - 0x00007ffbfef36000 	C:\Windows\System32\GDI32.dll
0x00007ffbfdec0000 - 0x00007ffbfe058000 	C:\Windows\System32\gdi32full.dll
0x00007ffbfd970000 - 0x00007ffbfda0e000 	C:\Windows\System32\msvcp_win.dll
0x00007ffbfda60000 - 0x00007ffbfdb5a000 	C:\Windows\System32\ucrtbase.dll
0x00007ffbec530000 - 0x00007ffbec7b4000 	C:\Windows\WinSxS\amd64_microsoft.windows.common-controls_6595b64144ccf1df_6.0.18362.1379_none_9e7ff3b3e45cc0c4\COMCTL32.dll
0x00007ffbffed0000 - 0x00007ffc00207000 	C:\Windows\System32\combase.dll
0x00007ffbfe810000 - 0x00007ffbfe891000 	C:\Windows\System32\bcryptPrimitives.dll
0x00007ffbfebe0000 - 0x00007ffbfec0e000 	C:\Windows\System32\IMM32.DLL
0x000000005b3b0000 - 0x000000005b482000 	D:\Program Files\Java\jdk1.8.0_141\jre\bin\msvcr100.dll
0x0000000059db0000 - 0x000000005a64d000 	D:\Program Files\Java\jdk1.8.0_141\jre\bin\server\jvm.dll
0x00007ffbffec0000 - 0x00007ffbffec8000 	C:\Windows\System32\PSAPI.DLL
0x00007ffbf69d0000 - 0x00007ffbf69da000 	C:\Windows\SYSTEM32\VERSION.dll
0x00007ffbfb650000 - 0x00007ffbfb674000 	C:\Windows\SYSTEM32\WINMM.dll
0x00007ffbfa0d0000 - 0x00007ffbfa0d9000 	C:\Windows\SYSTEM32\WSOCK32.dll
0x00007ffbfef40000 - 0x00007ffbfefaf000 	C:\Windows\System32\WS2_32.dll
0x00007ffbfb620000 - 0x00007ffbfb64d000 	C:\Windows\SYSTEM32\winmmbase.dll
0x00007ffbfda10000 - 0x00007ffbfda5a000 	C:\Windows\System32\cfgmgr32.dll
0x000000005c720000 - 0x000000005c72f000 	D:\Program Files\Java\jdk1.8.0_141\jre\bin\verify.dll
0x000000005b560000 - 0x000000005b589000 	D:\Program Files\Java\jdk1.8.0_141\jre\bin\java.dll
0x000000005b010000 - 0x000000005b033000 	D:\Program Files\Java\jdk1.8.0_141\jre\bin\instrument.dll
0x000000005c220000 - 0x000000005c236000 	D:\Program Files\Java\jdk1.8.0_141\jre\bin\zip.dll

VM Arguments:
jvm_args: -javaagent:D:\Program Files\JetBrains\IntelliJ IDEA 2020.1.2\lib\idea_rt.jar=64701:D:\Program Files\JetBrains\IntelliJ IDEA 2020.1.2\bin -Dfile.encoding=UTF-8 
java_command: com.adm.utils.ReadExcelUtils
java_class_path (initial): D:\Program Files\Java\jdk1.8.0_141\jre\lib\charsets.jar;D:\Program Files\Java\jdk1.8.0_141\jre\lib\deploy.jar;D:\Program Files\Java\jdk1.8.0_141\jre\lib\ext\access-bridge-64.jar;D:\Program Files\Java\jdk1.8.0_141\jre\lib\ext\cldrdata.jar;D:\Program Files\Java\jdk1.8.0_141\jre\lib\ext\dnsns.jar;D:\Program Files\Java\jdk1.8.0_141\jre\lib\ext\jaccess.jar;D:\Program Files\Java\jdk1.8.0_141\jre\lib\ext\jfxrt.jar;D:\Program Files\Java\jdk1.8.0_141\jre\lib\ext\localedata.jar;D:\Program Files\Java\jdk1.8.0_141\jre\lib\ext\nashorn.jar;D:\Program Files\Java\jdk1.8.0_141\jre\lib\ext\sunec.jar;D:\Program Files\Java\jdk1.8.0_141\jre\lib\ext\sunjce_provider.jar;D:\Program Files\Java\jdk1.8.0_141\jre\lib\ext\sunmscapi.jar;D:\Program Files\Java\jdk1.8.0_141\jre\lib\ext\sunpkcs11.jar;D:\Program Files\Java\jdk1.8.0_141\jre\lib\ext\zipfs.jar;D:\Program Files\Java\jdk1.8.0_141\jre\lib\javaws.jar;D:\Program Files\Java\jdk1.8.0_141\jre\lib\jce.jar;D:\Program Files\Java\jdk1.8.0_141\jre\lib\jfr.jar;D:\Program Files\Java\jdk1.8.0_141\jre\lib\jfxswt.jar;D:\Program Files\Java\jdk1.8.0_141\jre\lib\jsse.jar;D:\Program Files\Java\jdk1.8.0_141\jre\lib\management-agent.jar;D:\Program Files\Java\jdk1.8.0_141\jre\lib\plugin.jar;D:\Program Files\Java\jdk1.8.0_141\jre\lib\resources.jar;D:\Program Files\Java\jdk1.8.0_141\jre\lib\rt.jar;D:\adm\target\test-classes;D:\adm\target\classes;C:\Users\admin\.m2\repository\org\testng\testng\6.13.1\testng-6.13.1.jar;C:\Users\admin\.m2\repository\com\beust\jcommander\1.72\jcommander-1.72.jar;C:\Users\admin\.m2\repository\org\apache\httpcomponents\httpclient\4.5.6\httpclient-4.5.6.jar;C:\Users\admin\.m2\repository\org\apache\httpcomponents\httpcore\4.4.10\httpcore-4.4.10.jar;C:\Users\admin\.m2\repository\commons-logging\commons-logging\1.2\commons-logging-1.2.jar;C:\Users\admin\.m2\repository\commons-codec\commons-codec\1.10\commons-codec-1.10.jar;C:\Users\admin\.m2\repository\org\apache\httpcomponents\httpmime\4.5.6\httpmime-4.5.6.jar
Launcher Type: SUN_STANDARD

Environment Variables:
JAVA_HOME=D:\Program Files\Java\jdk1.8.0_141
CLASSPATH=.;D:\Program Files\Java\jdk1.8.0_141\lib\dt.jar;D:\Program Files\Java\jdk1.8.0_141\lib\tools.jar
PATH=D:\Program Files (x86)\NetSarang\Xshell 6\;C:\ProgramData\Oracle\Java\javapath;C:\Windows\system32;C:\Windows;C:\Windows\System32\Wbem;C:\Windows\System32\WindowsPowerShell\v1.0\;C:\Windows\System32\OpenSSH\;C:\Program Files (x86)\NVIDIA Corporation\PhysX\Common;C:\Program Files\NVIDIA Corporation\NVIDIA NvDLISR;D:\tools\maven\apache-maven-3.6.1\bin;D:\tools\android-sdk-windows-appium\tools;D:\tools\android-sdk-windows-appium\platform-tools;D:\Program Files\VisualSVN Server\bin;D:\Program Files\TortoiseSVN\bin;D:\Program Files\Java\jdk1.8.0_141\bin;D:\Program Files\Java\jdk1.8.0_141\jre\bin;D:\Program Files\Git\cmd;C:\Program Files\Common Files\Autodesk Shared\;D:\Python39;C:\Users\admin\AppData\Roaming\npm;C:\Users\admin\AppData\Local\Programs\Appium;D:\Program Files\nodejs\;D:\tools\netcat-win32-1.12;D:\Python39\Scripts\;D:\Python39\;C:\Users\admin\AppData\Local\Microsoft\WindowsApps;;D:\Users\admin\AppData\Local\Programs\Microsoft VS Code\bin;C:\Users\admin\AppData\Roaming\npm
USERNAME=admin
OS=Windows_NT
PROCESSOR_IDENTIFIER=Intel64 Family 6 Model 142 Stepping 12, GenuineIntel



---------------  S Y S T E M  ---------------

OS: Windows 10.0 , 64 bit Build 18362 (10.0.18362.1350)

CPU:total 8 (initial active 8) (4 cores per cpu, 2 threads per core) family 6 model 142 stepping 12, cmov, cx8, fxsr, mmx, sse, sse2, sse3, ssse3, sse4.1, sse4.2, popcnt, avx, avx2, aes, clmul, erms, 3dnowpref, lzcnt, ht, tsc, tscinvbit, bmi1, bmi2, adx

Memory: 4k page, physical 16653556k(3342464k free), swap 33128592k(5564k free)

vm_info: Java HotSpot(TM) 64-Bit Server VM (25.141-b15) for windows-amd64 JRE (1.8.0_141-b15), built on Jul 12 2017 04:25:12 by "java_re" with MS VC++ 10.0 (VS2010)

time: Fri Mar 12 12:11:09 2021
elapsed time: 0 seconds (0d 0h 0m 0s)

